<?xml version="1.0" encoding="UTF-8"?>
<testsuite xmlns:xsi="http://www.w3.org/2001/XMLSchema-instance" xsi:noNamespaceSchemaLocation="https://maven.apache.org/surefire/maven-surefire-plugin/xsd/surefire-test-report.xsd" name="com.epam_task4.AppTest" time="0.215" tests="1" errors="0" skipped="0" failures="0">
  <properties>
    <property name="java.specification.version" value="13"/>
    <property name="sun.cpu.isalist" value="amd64"/>
    <property name="sun.jnu.encoding" value="Cp1252"/>
    <property name="java.class.path" value="C:\Users\BODA JAYA DURGESH\Desktop\BODAJAYADURGESH_Clean_Code_Serialization-master\BODAJAYADURGESH_Clean_Code_Serialization-master\clean_code_task\target\test-classes;C:\Users\BODA JAYA DURGESH\Desktop\BODAJAYADURGESH_Clean_Code_Serialization-master\BODAJAYADURGESH_Clean_Code_Serialization-master\clean_code_task\target\classes;C:\Users\BODA JAYA DURGESH\.m2\repository\junit\junit\4.11\junit-4.11.jar;C:\Users\BODA JAYA DURGESH\.m2\repository\org\hamcrest\hamcrest-core\1.3\hamcrest-core-1.3.jar;C:\Users\BODA JAYA DURGESH\.m2\repository\org\apache\logging\log4j\log4j-api\2.13.0\log4j-api-2.13.0.jar;C:\Users\BODA JAYA DURGESH\.m2\repository\org\apache\logging\log4j\log4j-core\2.13.0\log4j-core-2.13.0.jar;"/>
    <property name="java.vm.vendor" value="Oracle Corporation"/>
    <property name="sun.arch.data.model" value="64"/>
    <property name="user.variant" value=""/>
    <property name="java.vendor.url" value="https://java.oracle.com/"/>
    <property name="user.timezone" value="Asia/Calcutta"/>
    <property name="os.name" value="Windows 10"/>
    <property name="java.vm.specification.version" value="13"/>
    <property name="sun.java.launcher" value="SUN_STANDARD"/>
    <property name="user.country" value="US"/>
    <property name="sun.boot.library.path" value="C:\Users\BODA JAYA DURGESH\Downloads\jdk-13.0.2_windows-x64_bin\jdk-13.0.2\bin"/>
    <property name="sun.java.command" value="C:\Users\BODAJA~1\AppData\Local\Temp\surefire9865489074394122097\surefirebooter1975953970764231993.jar C:\Users\BODA JAYA DURGESH\AppData\Local\Temp\surefire9865489074394122097 2020-02-25T19-27-45_059-jvmRun1 surefire1491262572063747571tmp surefire_010351136398409851492tmp"/>
    <property name="jdk.debug" value="release"/>
    <property name="surefire.test.class.path" value="C:\Users\BODA JAYA DURGESH\Desktop\BODAJAYADURGESH_Clean_Code_Serialization-master\BODAJAYADURGESH_Clean_Code_Serialization-master\clean_code_task\target\test-classes;C:\Users\BODA JAYA DURGESH\Desktop\BODAJAYADURGESH_Clean_Code_Serialization-master\BODAJAYADURGESH_Clean_Code_Serialization-master\clean_code_task\target\classes;C:\Users\BODA JAYA DURGESH\.m2\repository\junit\junit\4.11\junit-4.11.jar;C:\Users\BODA JAYA DURGESH\.m2\repository\org\hamcrest\hamcrest-core\1.3\hamcrest-core-1.3.jar;C:\Users\BODA JAYA DURGESH\.m2\repository\org\apache\logging\log4j\log4j-api\2.13.0\log4j-api-2.13.0.jar;C:\Users\BODA JAYA DURGESH\.m2\repository\org\apache\logging\log4j\log4j-core\2.13.0\log4j-core-2.13.0.jar;"/>
    <property name="sun.cpu.endian" value="little"/>
    <property name="user.home" value="C:\Users\BODA JAYA DURGESH"/>
    <property name="user.language" value="en"/>
    <property name="java.specification.vendor" value="Oracle Corporation"/>
    <property name="java.version.date" value="2020-01-14"/>
    <property name="java.home" value="C:\Users\BODA JAYA DURGESH\Downloads\jdk-13.0.2_windows-x64_bin\jdk-13.0.2"/>
    <property name="file.separator" value="\"/>
    <property name="basedir" value="C:\Users\BODA JAYA DURGESH\Desktop\BODAJAYADURGESH_Clean_Code_Serialization-master\BODAJAYADURGESH_Clean_Code_Serialization-master\clean_code_task"/>
    <property name="java.vm.compressedOopsMode" value="32-bit"/>
    <property name="line.separator" value="&#10;"/>
    <property name="java.vm.specification.vendor" value="Oracle Corporation"/>
    <property name="java.specification.name" value="Java Platform API Specification"/>
    <property name="surefire.real.class.path" value="C:\Users\BODAJA~1\AppData\Local\Temp\surefire9865489074394122097\surefirebooter1975953970764231993.jar"/>
    <property name="user.script" value=""/>
    <property name="sun.management.compiler" value="HotSpot 64-Bit Tiered Compilers"/>
    <property name="java.runtime.version" value="13.0.2+8"/>
    <property name="user.name" value="BODA JAYA DURGESH"/>
    <property name="path.separator" value=";"/>
    <property name="os.version" value="10.0"/>
    <property name="java.runtime.name" value="Java(TM) SE Runtime Environment"/>
    <property name="file.encoding" value="Cp1252"/>
    <property name="java.vm.name" value="Java HotSpot(TM) 64-Bit Server VM"/>
    <property name="localRepository" value="C:\Users\BODA JAYA DURGESH\.m2\repository"/>
    <property name="java.vendor.url.bug" value="https://bugreport.java.com/bugreport/"/>
    <property name="java.io.tmpdir" value="C:\Users\BODAJA~1\AppData\Local\Temp\"/>
    <property name="java.version" value="13.0.2"/>
    <property name="user.dir" value="C:\Users\BODA JAYA DURGESH\Desktop\BODAJAYADURGESH_Clean_Code_Serialization-master\BODAJAYADURGESH_Clean_Code_Serialization-master\clean_code_task"/>
    <property name="os.arch" value="amd64"/>
    <property name="java.vm.specification.name" value="Java Virtual Machine Specification"/>
    <property name="sun.os.patch.level" value=""/>
    <property name="java.library.path" value="C:\Users\BODA JAYA DURGESH\Downloads\jdk-13.0.2_windows-x64_bin\jdk-13.0.2\bin;C:\Windows\Sun\Java\bin;C:\Windows\system32;C:\Windows;C:/Users/BODA JAYA DURGESH/Downloads/jdk-13.0.2_windows-x64_bin/jdk-13.0.2/bin/server;C:/Users/BODA JAYA DURGESH/Downloads/jdk-13.0.2_windows-x64_bin/jdk-13.0.2/bin;C:\Windows\system32;C:\Windows;C:\Windows\System32\Wbem;C:\Windows\System32\WindowsPowerShell\v1.0\;C:\Windows\System32\OpenSSH\;C:\Program Files\Git\cmd;C:\Program Files\Git\mingw64\bin;C:\Program Files\Git\usr\bin;C:\Users\BODA JAYA DURGESH\Downloads\jdk-13.0.2_windows-x64_bin\jdk-13.0.2\bin;C:\Users\BODA JAYA DURGESH\Downloads\apache-maven-3.6.3-bin\apache-maven-3.6.3\bin;C:\Users\BODA JAYA DURGESH\AppData\Local\Microsoft\WindowsApps;;C:\Users\BODA JAYA DURGESH\Downloads;;."/>
    <property name="java.vm.info" value="mixed mode, sharing"/>
    <property name="java.vendor" value="Oracle Corporation"/>
    <property name="java.vm.version" value="13.0.2+8"/>
    <property name="sun.io.unicode.encoding" value="UnicodeLittle"/>
    <property name="java.class.version" value="57.0"/>
  </properties>
  <testcase name="shouldAnswerWithTrue" classname="com.epam_task4.AppTest" time="0.006"/>
</testsuite>